{
  "stats": {
    "suites": 2,
    "tests": 5,
    "passes": 5,
    "pending": 0,
    "failures": 0,
    "start": "2022-11-30T06:23:42.393Z",
    "end": "2022-11-30T06:33:12.713Z",
    "duration": 570320,
    "testsRegistered": 5,
    "passPercent": 100,
    "pendingPercent": 0,
    "other": 0,
    "hasOther": false,
    "skipped": 0,
    "hasSkipped": false
  },
  "results": [
    {
      "uuid": "d40adfa8-1ea1-41fe-aad0-302304eb6b15",
      "title": "",
      "fullFile": "cypress\\e2e\\PlaceOrder.cy.js",
      "file": "cypress\\e2e\\PlaceOrder.cy.js",
      "beforeHooks": [],
      "afterHooks": [],
      "tests": [],
      "suites": [
        {
          "uuid": "dec29835-75a5-4fc8-8b58-2f05910d6db4",
          "title": "Place Order",
          "fullFile": "",
          "file": "",
          "beforeHooks": [],
          "afterHooks": [],
          "tests": [
            {
              "title": "Place Order: Register while Checkout",
              "fullTitle": "Place Order Place Order: Register while Checkout",
              "timedOut": null,
              "duration": 142040,
              "state": "passed",
              "speed": "slow",
              "pass": true,
              "fail": false,
              "pending": false,
              "context": null,
              "code": "cy.visit(`/`);\ncy.verifyTitle(\"Automation Exercise\");\n_HomePage.default.getProductsLink().click();\ncy.verifyTitle(\"Automation Exercise - All Products\");\n_AllProductsPage.default.getProductsList().first().then(() => {\n  _AllProductsPage.default.getAddToCartBtn().first().click();\n});\n_AllProductsPage.default.getModalViewCartBtn().click();\ncy.verifyTitle(\"Automation Exercise - Checkout\");\n_CartPage.default.getCheckoutBtn().click();\n_CartPage.default.getModalCheckoutRegisterBtn().click();\ncy.registerUser(this.registerData);\n_AccountCreatedPage.default.getAccountCreatedTitle().should(\"contain\", `Account Created!`).should(`be.visible`);\n_AccountCreatedPage.default.getContinueBtn().click();\n_HomePage.default.getNavbarLinks().should(`contain`, `Logged in as ${this.registerData.userName}`);\n_HomePage.default.getCartLink().click();\n_CartPage.default.getCheckoutBtn().click();\n_CheckoutPage.default.getDeliveryFullName().contains(`${this.registerData.firstName} ${this.registerData.lastName}`);\n_CheckoutPage.default.getDeliveryCompany().contains(`${this.registerData.company}`);\n_CheckoutPage.default.getDeliveryFirstLineAddress().contains(`${this.registerData.addressFirstLine}`);\n_CheckoutPage.default.getDeliverySecondLineAddress().contains(`${this.registerData.city} ${this.registerData.state} ${this.registerData.zipcode}`);\n_CheckoutPage.default.getCommentInput().clear().type(\"Lorem ipsum dolor, sit amet consectetur adipisicing elit. Eaque quas quisquam, officiis sapiente voluptatem aut suscipit a optio sed dolores repellat hic autem dicta quia neque quidem ex quo deserunt.\");\n_CheckoutPage.default.getPlaceOrderBtn().click();\n_PaymentPage.default.getNameOnCard().clear().type(`${this.registerData.firstName} ${this.registerData.lastName}`);\n_PaymentPage.default.getCardNumber().clear().type(`${this.registerData.cardNumber}`);\n_PaymentPage.default.getCardCvc().clear().type(`${this.registerData.cvvCardNumber}`);\n_PaymentPage.default.getExpirationMonth().clear().type(`${this.registerData.expirationMonth}`);\n_PaymentPage.default.getExpirationYear().clear().type(`${this.registerData.expirationYear}`);\n_PaymentPage.default.getPayBtn().click();\n_PaymentPage.default.getSuccessMessage().contains(`Congratulations! Your order has been confirmed!`);\n_PaymentPage.default.getContinueBtn().click();\ncy.verifyTitle(\"Automation Exercise\");",
              "err": {},
              "uuid": "2de2dfd2-3114-4709-901c-1488540042ff",
              "parentUUID": "dec29835-75a5-4fc8-8b58-2f05910d6db4",
              "isHook": false,
              "skipped": false
            },
            {
              "title": "Place Order: Register before Checkout",
              "fullTitle": "Place Order Place Order: Register before Checkout",
              "timedOut": null,
              "duration": 125211,
              "state": "passed",
              "speed": "slow",
              "pass": true,
              "fail": false,
              "pending": false,
              "context": null,
              "code": "cy.visit(`/login`);\ncy.verifyTitle(\"Automation Exercise - Signup / Login\");\n_LoginAndRegisterPage.default.getRegisterForm().should(`contain`, `New User Signup!`).should(`be.visible`);\ncy.registerUser(this.registerData);\n_AccountCreatedPage.default.getAccountCreatedTitle().should(\"contain\", `Account Created!`).should(`be.visible`);\n_AccountCreatedPage.default.getContinueBtn().click();\n_HomePage.default.getNavbarLinks().should(`contain`, `Logged in as ${this.registerData.userName}`);\n_HomePage.default.getProductsLink().click();\ncy.verifyTitle(\"Automation Exercise - All Products\");\n_AllProductsPage.default.getProductsList().first().then(() => {\n  _AllProductsPage.default.getAddToCartBtn().first().click();\n});\n_AllProductsPage.default.getModalViewCartBtn().click();\ncy.verifyTitle(\"Automation Exercise - Checkout\");\n_CartPage.default.getCheckoutBtn().click();\n_CheckoutPage.default.getDeliveryFullName().contains(`${this.registerData.firstName} ${this.registerData.lastName}`);\n_CheckoutPage.default.getDeliveryCompany().contains(`${this.registerData.company}`);\n_CheckoutPage.default.getDeliveryFirstLineAddress().contains(`${this.registerData.addressFirstLine}`);\n_CheckoutPage.default.getDeliverySecondLineAddress().contains(`${this.registerData.city} ${this.registerData.state} ${this.registerData.zipcode}`);\n_CheckoutPage.default.getCommentInput().clear().type(\"Lorem ipsum dolor, sit amet consectetur adipisicing elit. Eaque quas quisquam, officiis sapiente voluptatem aut suscipit a optio sed dolores repellat hic autem dicta quia neque quidem ex quo deserunt.\");\n_CheckoutPage.default.getPlaceOrderBtn().click();\n_PaymentPage.default.getNameOnCard().clear().type(`${this.registerData.firstName} ${this.registerData.lastName}`);\n_PaymentPage.default.getCardNumber().clear().type(`${this.registerData.cardNumber}`);\n_PaymentPage.default.getCardCvc().clear().type(`${this.registerData.cvvCardNumber}`);\n_PaymentPage.default.getExpirationMonth().clear().type(`${this.registerData.expirationMonth}`);\n_PaymentPage.default.getExpirationYear().clear().type(`${this.registerData.expirationYear}`);\n_PaymentPage.default.getPayBtn().click();\n_PaymentPage.default.getSuccessMessage().contains(`Congratulations! Your order has been confirmed!`);\n_PaymentPage.default.getContinueBtn().click();\ncy.verifyTitle(\"Automation Exercise\");",
              "err": {},
              "uuid": "215cc72a-4f94-4f0e-95e1-79a9a4559b38",
              "parentUUID": "dec29835-75a5-4fc8-8b58-2f05910d6db4",
              "isHook": false,
              "skipped": false
            },
            {
              "title": "Verify address details in checkout page",
              "fullTitle": "Place Order Verify address details in checkout page",
              "timedOut": null,
              "duration": 73994,
              "state": "passed",
              "speed": "slow",
              "pass": true,
              "fail": false,
              "pending": false,
              "context": null,
              "code": "cy.visit(`/login`);\ncy.verifyTitle(\"Automation Exercise - Signup / Login\");\n_LoginAndRegisterPage.default.getRegisterForm().should(`contain`, `New User Signup!`).should(`be.visible`);\ncy.registerUser(this.registerData);\n_AccountCreatedPage.default.getAccountCreatedTitle().should(\"contain\", `Account Created!`).should(`be.visible`);\n_AccountCreatedPage.default.getContinueBtn().click();\n_HomePage.default.getNavbarLinks().should(`contain`, `Logged in as ${this.registerData.userName}`);\n_HomePage.default.getProductsLink().click();\ncy.verifyTitle(\"Automation Exercise - All Products\");\n_AllProductsPage.default.getProductsList().first().then(() => {\n  _AllProductsPage.default.getAddToCartBtn().first().click();\n});\n_AllProductsPage.default.getModalViewCartBtn().click();\ncy.verifyTitle(\"Automation Exercise - Checkout\");\n_CartPage.default.getCheckoutBtn().click();\n_CheckoutPage.default.getDeliveryFirstLineAddress().contains(`${this.registerData.addressFirstLine}`);\n_CheckoutPage.default.getDeliverySecondLineAddress().contains(`${this.registerData.city} ${this.registerData.state} ${this.registerData.zipcode}`);\n_CheckoutPage.default.getInvoiceFirstLineAddress().contains(`${this.registerData.addressFirstLine}`);\n_CheckoutPage.default.getInvoiceSecondLineAddress().contains(`${this.registerData.city} ${this.registerData.state} ${this.registerData.zipcode}`);",
              "err": {},
              "uuid": "38dc9a8d-e61b-4a2e-a803-2a8d704b1008",
              "parentUUID": "dec29835-75a5-4fc8-8b58-2f05910d6db4",
              "isHook": false,
              "skipped": false
            },
            {
              "title": "Download Invoice after purchase order",
              "fullTitle": "Place Order Download Invoice after purchase order",
              "timedOut": null,
              "duration": 141568,
              "state": "passed",
              "speed": "slow",
              "pass": true,
              "fail": false,
              "pending": false,
              "context": null,
              "code": "cy.visit(`/`);\ncy.verifyTitle(\"Automation Exercise\");\n_HomePage.default.getProductsLink().click();\ncy.verifyTitle(\"Automation Exercise - All Products\");\n_AllProductsPage.default.getProductsList().first().then(() => {\n  _AllProductsPage.default.getAddToCartBtn().first().click();\n});\n_AllProductsPage.default.getModalViewCartBtn().click();\ncy.verifyTitle(\"Automation Exercise - Checkout\");\n_CartPage.default.getCheckoutBtn().click();\n_CartPage.default.getModalCheckoutRegisterBtn().click();\ncy.registerUser(this.registerData);\n_AccountCreatedPage.default.getAccountCreatedTitle().should(\"contain\", `Account Created!`).should(`be.visible`);\n_AccountCreatedPage.default.getContinueBtn().click();\n_HomePage.default.getNavbarLinks().should(`contain`, `Logged in as ${this.registerData.userName}`);\n_HomePage.default.getCartLink().click();\n_CartPage.default.getCheckoutBtn().click();\n_CheckoutPage.default.getDeliveryFullName().contains(`${this.registerData.firstName} ${this.registerData.lastName}`);\n_CheckoutPage.default.getDeliveryCompany().contains(`${this.registerData.company}`);\n_CheckoutPage.default.getDeliveryFirstLineAddress().contains(`${this.registerData.addressFirstLine}`);\n_CheckoutPage.default.getDeliverySecondLineAddress().contains(`${this.registerData.city} ${this.registerData.state} ${this.registerData.zipcode}`);\n_CheckoutPage.default.getCommentInput().clear().type(\"Lorem ipsum dolor, sit amet consectetur adipisicing elit. Eaque quas quisquam, officiis sapiente voluptatem aut suscipit a optio sed dolores repellat hic autem dicta quia neque quidem ex quo deserunt.\");\n_CheckoutPage.default.getPlaceOrderBtn().click();\n_PaymentPage.default.getNameOnCard().clear().type(`${this.registerData.firstName} ${this.registerData.lastName}`);\n_PaymentPage.default.getCardNumber().clear().type(`${this.registerData.cardNumber}`);\n_PaymentPage.default.getCardCvc().clear().type(`${this.registerData.cvvCardNumber}`);\n_PaymentPage.default.getExpirationMonth().clear().type(`${this.registerData.expirationMonth}`);\n_PaymentPage.default.getExpirationYear().clear().type(`${this.registerData.expirationYear}`);\n_PaymentPage.default.getPayBtn().click();\n_PaymentPage.default.getSuccessMessage().contains(`Congratulations! Your order has been confirmed!`);\n/**Cypress problem with page load timeout\n *solution - https://github.com/cypress-io/cypress/issues/14857\n *solution start here */\n\ncy.window().document().then(function (doc) {\n  doc.addEventListener(\"click\", () => {\n    setTimeout(function () {\n      doc.location.reload();\n    }, 5000);\n  });\n  _PaymentPage.default.getDownloadInvoiceBtn().click();\n}); //solution end\ncy.verifyDownload(\"invoice.txt\");\n_PaymentPage.default.getContinueBtn().click();\ncy.verifyTitle(\"Automation Exercise\");",
              "err": {},
              "uuid": "6aef387b-7062-436b-9983-43adf35ddbf3",
              "parentUUID": "dec29835-75a5-4fc8-8b58-2f05910d6db4",
              "isHook": false,
              "skipped": false
            }
          ],
          "suites": [],
          "passes": [
            "2de2dfd2-3114-4709-901c-1488540042ff",
            "215cc72a-4f94-4f0e-95e1-79a9a4559b38",
            "38dc9a8d-e61b-4a2e-a803-2a8d704b1008",
            "6aef387b-7062-436b-9983-43adf35ddbf3"
          ],
          "failures": [],
          "pending": [],
          "skipped": [],
          "duration": 482813,
          "root": false,
          "rootEmpty": false,
          "_timeout": 2000
        },
        {
          "uuid": "e671a64e-1e83-4aa5-8dca-55c42cf5441c",
          "title": "Place Order: Login before Checkout",
          "fullFile": "",
          "file": "",
          "beforeHooks": [],
          "afterHooks": [],
          "tests": [
            {
              "title": "Place Order: Login before Checkout",
              "fullTitle": "Place Order: Login before Checkout Place Order: Login before Checkout",
              "timedOut": null,
              "duration": 85038,
              "state": "passed",
              "speed": "slow",
              "pass": true,
              "fail": false,
              "pending": false,
              "context": null,
              "code": "cy.login(this.loginData.email, this.loginData.password);\n_HomePage.default.getNavbarLinks().should(`contain`, `Logged in as ${this.loginData.username}`);\n_HomePage.default.getProductsLink().click();\ncy.verifyTitle(\"Automation Exercise - All Products\");\n_AllProductsPage.default.getProductsList().first().then(() => {\n  _AllProductsPage.default.getAddToCartBtn().first().click();\n});\n_AllProductsPage.default.getModalViewCartBtn().click();\ncy.verifyTitle(\"Automation Exercise - Checkout\");\n_CartPage.default.getCheckoutBtn().click();\n_CheckoutPage.default.getDeliveryFullName().contains(`${this.loginData.firstName} ${this.loginData.lastName}`);\n_CheckoutPage.default.getDeliveryCompany().contains(`${this.loginData.company}`);\n_CheckoutPage.default.getDeliveryFirstLineAddress().contains(`${this.loginData.addressFirstLine}`);\n_CheckoutPage.default.getDeliverySecondLineAddress().contains(`${this.loginData.city} ${this.loginData.state} ${this.loginData.zipcode}`);\n_CheckoutPage.default.getCommentInput().clear().type(\"Lorem ipsum dolor, sit amet consectetur adipisicing elit. Eaque quas quisquam, officiis sapiente voluptatem aut suscipit a optio sed dolores repellat hic autem dicta quia neque quidem ex quo deserunt.\");\n_CheckoutPage.default.getPlaceOrderBtn().click();\n_PaymentPage.default.getNameOnCard().clear().type(`${this.loginData.firstName} ${this.loginData.lastName}`);\n_PaymentPage.default.getCardNumber().clear().type(`${this.loginData.cardNumber}`);\n_PaymentPage.default.getCardCvc().clear().type(`${this.loginData.cvvCardNumber}`);\n_PaymentPage.default.getExpirationMonth().clear().type(`${this.loginData.expirationMonth}`);\n_PaymentPage.default.getExpirationYear().clear().type(`${this.loginData.expirationYear}`);\n_PaymentPage.default.getPayBtn().click();\n_PaymentPage.default.getSuccessMessage().contains(`Congratulations! Your order has been confirmed!`);\n_PaymentPage.default.getContinueBtn().click();\ncy.verifyTitle(\"Automation Exercise\");",
              "err": {},
              "uuid": "93590eda-8709-4e0b-bed5-461ba38bebe8",
              "parentUUID": "e671a64e-1e83-4aa5-8dca-55c42cf5441c",
              "isHook": false,
              "skipped": false
            }
          ],
          "suites": [],
          "passes": [
            "93590eda-8709-4e0b-bed5-461ba38bebe8"
          ],
          "failures": [],
          "pending": [],
          "skipped": [],
          "duration": 85038,
          "root": false,
          "rootEmpty": false,
          "_timeout": 2000
        }
      ],
      "passes": [],
      "failures": [],
      "pending": [],
      "skipped": [],
      "duration": 0,
      "root": true,
      "rootEmpty": true,
      "_timeout": 2000
    }
  ],
  "meta": {
    "mocha": {
      "version": "7.0.1"
    },
    "mochawesome": {
      "options": {
        "quiet": false,
        "reportFilename": "mochawesome",
        "saveHtml": false,
        "saveJson": true,
        "consoleReporter": "spec",
        "useInlineDiffs": false,
        "code": true
      },
      "version": "7.1.3"
    },
    "marge": {
      "options": {
        "overwrite": false,
        "html": false,
        "json": true,
        "reportDir": "cypress\\reports\\html\\.jsons"
      },
      "version": "6.2.0"
    }
  }
}