{
  "stats": {
    "suites": 1,
    "tests": 1,
    "passes": 1,
    "pending": 0,
    "failures": 0,
    "start": "2022-11-30T06:21:46.373Z",
    "end": "2022-11-30T06:22:25.411Z",
    "duration": 39038,
    "testsRegistered": 1,
    "passPercent": 100,
    "pendingPercent": 0,
    "other": 0,
    "hasOther": false,
    "skipped": 0,
    "hasSkipped": false
  },
  "results": [
    {
      "uuid": "cdfe9f42-7842-4c77-97dd-08b5beab1667",
      "title": "",
      "fullFile": "cypress\\e2e\\ContactForm.cy.js",
      "file": "cypress\\e2e\\ContactForm.cy.js",
      "beforeHooks": [],
      "afterHooks": [],
      "tests": [],
      "suites": [
        {
          "uuid": "4dc931fb-6355-41e2-8b0c-5e78b327a4c2",
          "title": "Contact Form",
          "fullFile": "",
          "file": "",
          "beforeHooks": [],
          "afterHooks": [],
          "tests": [
            {
              "title": "Sending message from contact form",
              "fullTitle": "Contact Form Sending message from contact form",
              "timedOut": null,
              "duration": 38557,
              "state": "passed",
              "speed": "slow",
              "pass": true,
              "fail": false,
              "pending": false,
              "context": null,
              "code": "cy.visit(\"/\");\n_HomePage.default.getContactLink().should(`contain`, `Contact us`).should(`be.visible`).click();\ncy.verifyTitle(\"Automation Exercise - Contact Us\");\n_ContactPage.default.getContactForm().should(`contain`, `Get In Touch`).should(`be.visible`);\n_ContactPage.default.getNameInput().clear().type(\"firstname\");\n_ContactPage.default.getEmailInput().clear().type(\"test123@test.pl\");\n_ContactPage.default.getSubjectInput().clear().type(\"Test Subject\");\n_ContactPage.default.getMsgInput().clear().type(\"Lorem ipsum dolor sit amet consectetur adipisicing elit. Consequatur voluptates nesciunt totam quas quidem, suscipit ea similique facilis expedita delectus, veniam fugit eveniet fugiat dolores. Quo vitae labore esse aliquid?\");\n_ContactPage.default.getFileUpload().attachFile(`../fixtures/testFile.txt`);\n_ContactPage.default.getFileUpload().invoke(\"prop\", \"files\").then(element => {\n  cy.wrap(element[0].name).should(\"contain\", \"testFile.txt\");\n});\n_ContactPage.default.getSubmitBtn().click();\n_ContactPage.default.getContactForm().should(\"contain\", \"Success! Your details have been submitted successfully.\").should(\"be.visible\");\n_ContactPage.default.getRedirectBtn().click();\ncy.verifyTitle(\"Automation Exercise\");",
              "err": {},
              "uuid": "182f9bd8-c996-443d-b32b-f86b793adc15",
              "parentUUID": "4dc931fb-6355-41e2-8b0c-5e78b327a4c2",
              "isHook": false,
              "skipped": false
            }
          ],
          "suites": [],
          "passes": [
            "182f9bd8-c996-443d-b32b-f86b793adc15"
          ],
          "failures": [],
          "pending": [],
          "skipped": [],
          "duration": 38557,
          "root": false,
          "rootEmpty": false,
          "_timeout": 2000
        }
      ],
      "passes": [],
      "failures": [],
      "pending": [],
      "skipped": [],
      "duration": 0,
      "root": true,
      "rootEmpty": true,
      "_timeout": 2000
    }
  ],
  "meta": {
    "mocha": {
      "version": "7.0.1"
    },
    "mochawesome": {
      "options": {
        "quiet": false,
        "reportFilename": "mochawesome",
        "saveHtml": false,
        "saveJson": true,
        "consoleReporter": "spec",
        "useInlineDiffs": false,
        "code": true
      },
      "version": "7.1.3"
    },
    "marge": {
      "options": {
        "overwrite": false,
        "html": false,
        "json": true,
        "reportDir": "cypress\\reports\\html\\.jsons"
      },
      "version": "6.2.0"
    }
  }
}